2025-12-08T20:54:47.807+0800	[34mINFO[0m	goshizhan/main.go:24	é…ç½®å’Œæ—¥å¿—å·²åŠ è½½æˆåŠŸï¼
2025-12-08T20:54:47.814+0800	[34mINFO[0m	goshizhan/main.go:40	æœåŠ¡å™¨å¯åŠ¨...	{"port": "8080"}
2025-12-08T20:55:44.034+0800	[35mDEBUG[0m	goshizhan/main.go:30	æ¥æ”¶åˆ°helloè¯·æ±‚
2025-12-08T21:35:01.039+0800	[34mINFO[0m	goshizhan/main.go:26	é…ç½®å’Œæ—¥å¿—å·²åŠ è½½æˆåŠŸï¼
2025-12-08T21:35:01.052+0800	[34mINFO[0m	goshizhan/main.go:31	MySQLè¿æ¥æˆåŠŸï¼
2025-12-08T21:35:01.052+0800	[34mINFO[0m	goshizhan/main.go:46	æœåŠ¡å™¨å¯åŠ¨...	{"port": "8080"}
2025-12-08T21:41:19.731+0800	[34mINFO[0m	goshizhan/main.go:26	é…ç½®å’Œæ—¥å¿—å·²åŠ è½½æˆåŠŸï¼
2025-12-08T21:41:19.792+0800	[34mINFO[0m	goshizhan/main.go:31	MySQLè¿æ¥æˆåŠŸï¼
2025-12-08T21:41:19.792+0800	[34mINFO[0m	goshizhan/main.go:46	æœåŠ¡å™¨å¯åŠ¨...	{"port": "8080"}
2025-12-09T16:47:44.091+0800	[34mINFO[0m	goshizhan/main.go:25	é…ç½®å’Œæ—¥å¿—å·²åŠ è½½æˆåŠŸï¼
2025-12-09T16:47:44.136+0800	[34mINFO[0m	goshizhan/main.go:30	MySQLè¿æ¥æˆåŠŸï¼
2025-12-09T16:47:44.136+0800	[34mINFO[0m	goshizhan/main.go:36	æœåŠ¡å™¨å¯åŠ¨...	{"port": "8080"}
2025-12-09T16:49:55.995+0800	[31mERROR[0m	controllers/user.go:17	SignUp with invalid param	{"error": "Key: 'ParamSignUp.RePassword' Error:Field validation for 'RePassword' failed on the 'eqfield' tag"}
2025-12-09T16:50:01.747+0800	[31mERROR[0m	controllers/user.go:26	logic.SignUp failed	{"error": "ç”¨æˆ·å·²å­˜åœ¨"}
2025-12-09T18:50:55.280+0800	[34mINFO[0m	goshizhan/main.go:25	é…ç½®å’Œæ—¥å¿—å·²åŠ è½½æˆåŠŸï¼
2025-12-09T18:50:55.305+0800	[34mINFO[0m	goshizhan/main.go:30	MySQLè¿æ¥æˆåŠŸï¼
2025-12-09T18:50:55.306+0800	[34mINFO[0m	goshizhan/main.go:36	æœåŠ¡å™¨å¯åŠ¨...	{"port": "8080"}
2025-12-09T19:08:19.485+0800	[34mINFO[0m	goshizhan/main.go:25	é…ç½®å’Œæ—¥å¿—å·²åŠ è½½æˆåŠŸï¼
2025-12-09T19:08:19.500+0800	[34mINFO[0m	goshizhan/main.go:30	MySQLè¿æ¥æˆåŠŸï¼
2025-12-09T19:08:19.501+0800	[34mINFO[0m	goshizhan/main.go:36	æœåŠ¡å™¨å¯åŠ¨...	{"port": "8080"}
2025-12-09T19:08:37.950+0800	[31mERROR[0m	controllers/user.go:17	SignUp with invalid param	{"error": "Key: 'ParamSignUp.RePassword' Error:Field validation for 'RePassword' failed on the 'required' tag"}
2025-12-09T19:09:55.303+0800	[31mERROR[0m	controllers/user.go:26	logic.SignUp failed	{"error": "ç”¨æˆ·å·²å­˜åœ¨"}
2025-12-09T20:09:21.127+0800	[34mINFO[0m	goshizhan/main.go:25	é…ç½®å’Œæ—¥å¿—å·²åŠ è½½æˆåŠŸï¼
2025-12-09T20:09:21.151+0800	[34mINFO[0m	goshizhan/main.go:30	MySQLè¿æ¥æˆåŠŸï¼
2025-12-09T20:09:21.151+0800	[34mINFO[0m	goshizhan/main.go:36	æœåŠ¡å™¨å¯åŠ¨...	{"port": "8080"}
2025-12-09T20:18:08.837+0800	[34mINFO[0m	goshizhan/main.go:25	é…ç½®å’Œæ—¥å¿—å·²åŠ è½½æˆåŠŸï¼
2025-12-09T20:18:08.851+0800	[34mINFO[0m	goshizhan/main.go:30	MySQLè¿æ¥æˆåŠŸï¼
2025-12-09T20:18:08.851+0800	[34mINFO[0m	goshizhan/main.go:36	æœåŠ¡å™¨å¯åŠ¨...	{"port": "8080"}
2025-12-09T20:32:04.881+0800	[34mINFO[0m	goshizhan/main.go:25	é…ç½®å’Œæ—¥å¿—å·²åŠ è½½æˆåŠŸï¼
2025-12-09T20:32:04.919+0800	[34mINFO[0m	goshizhan/main.go:30	MySQLè¿æ¥æˆåŠŸï¼
2025-12-09T20:32:04.919+0800	[34mINFO[0m	goshizhan/main.go:36	æœåŠ¡å™¨å¯åŠ¨...	{"port": "8080"}
2025-12-09T20:44:16.778+0800	[34mINFO[0m	goshizhan/main.go:25	é…ç½®å’Œæ—¥å¿—å·²åŠ è½½æˆåŠŸï¼
2025-12-09T20:44:16.794+0800	[34mINFO[0m	goshizhan/main.go:30	MySQLè¿æ¥æˆåŠŸï¼
2025-12-09T20:44:16.794+0800	[34mINFO[0m	goshizhan/main.go:36	æœåŠ¡å™¨å¯åŠ¨...	{"port": "8080"}
2025-12-09T20:49:23.465+0800	[31mERROR[0m	controllers/community.go:33	logic.GetCommunityDetail() failed	{"error": "ç¤¾åŒºä¸å­˜åœ¨"}
2025-12-09T21:26:58.038+0800	[34mINFO[0m	goshizhan/main.go:26	é…ç½®å’Œæ—¥å¿—å·²åŠ è½½æˆåŠŸï¼
2025-12-09T21:26:58.082+0800	[34mINFO[0m	goshizhan/main.go:31	MySQLè¿æ¥æˆåŠŸï¼
2025-12-09T21:26:58.087+0800	[34mINFO[0m	goshizhan/main.go:37	æœåŠ¡å™¨å¯åŠ¨...	{"port": "8080"}
2025-12-09T21:29:59.554+0800	[34mINFO[0m	goshizhan/main.go:26	é…ç½®å’Œæ—¥å¿—å·²åŠ è½½æˆåŠŸï¼
2025-12-09T21:29:59.570+0800	[34mINFO[0m	goshizhan/main.go:31	MySQLè¿æ¥æˆåŠŸï¼
2025-12-09T21:30:23.343+0800	[34mINFO[0m	goshizhan/main.go:26	é…ç½®å’Œæ—¥å¿—å·²åŠ è½½æˆåŠŸï¼
2025-12-09T21:30:23.361+0800	[34mINFO[0m	goshizhan/main.go:31	MySQLè¿æ¥æˆåŠŸï¼
2025-12-09T21:31:41.664+0800	[34mINFO[0m	goshizhan/main.go:26	é…ç½®å’Œæ—¥å¿—å·²åŠ è½½æˆåŠŸï¼
2025-12-09T21:31:41.684+0800	[34mINFO[0m	goshizhan/main.go:31	MySQLè¿æ¥æˆåŠŸï¼
2025-12-09T21:31:41.685+0800	[34mINFO[0m	goshizhan/main.go:42	æœåŠ¡å™¨å¯åŠ¨...	{"port": "8080"}
2025-12-09T21:31:45.354+0800	[31mERROR[0m	logic/post.go:17	mysql.CreatePost failed	{"error": "Error 1146 (42S02): Table 'bluebell.post' doesn't exist"}
2025-12-09T21:31:45.354+0800	[31mERROR[0m	controllers/post.go:27	logic.CreatePost failed	{"error": "Error 1146 (42S02): Table 'bluebell.post' doesn't exist"}
2025-12-09T21:33:11.912+0800	[34mINFO[0m	goshizhan/main.go:26	é…ç½®å’Œæ—¥å¿—å·²åŠ è½½æˆåŠŸï¼
2025-12-09T21:33:11.949+0800	[34mINFO[0m	goshizhan/main.go:31	MySQLè¿æ¥æˆåŠŸï¼
2025-12-09T21:33:11.949+0800	[34mINFO[0m	goshizhan/main.go:42	æœåŠ¡å™¨å¯åŠ¨...	{"port": "8080"}
2025-12-18T20:25:33.420+0800	[34mINFO[0m	goshizhan/main.go:26	é…ç½®å’Œæ—¥å¿—å·²åŠ è½½æˆåŠŸï¼
2025-12-18T20:25:33.686+0800	[34mINFO[0m	goshizhan/main.go:31	MySQLè¿æ¥æˆåŠŸï¼
2025-12-18T20:25:33.688+0800	[34mINFO[0m	goshizhan/main.go:42	æœåŠ¡å™¨å¯åŠ¨...	{"port": "8080"}
